# JRE version: OpenJDK Runtime Environment (8.0_212-b03) (build 1.8.0_212-20190420112649.buildslave.jdk8u-src-tar--b03)
# Java VM: OpenJDK GraalVM CE 19.0.0 (25.212-b03-jvmci-19-b01 mixed mode bsd-amd64 compressed oops)
Heap:
 PSYoungGen      total 425472K, used 247643K [0x000000076ab00000, 0x0000000793e00000, 0x00000007c0000000)
  eden space 251392K, 98% used [0x000000076ab00000,0x0000000779cd6f48,0x000000077a080000)
  from space 174080K, 0% used [0x000000077a080000,0x000000077a080000,0x0000000784a80000)
  to   space 183808K, 0% used [0x0000000788a80000,0x0000000788a80000,0x0000000793e00000)
 ParOldGen       total 344064K, used 151049K [0x00000006c0000000, 0x00000006d5000000, 0x000000076ab00000)
  object space 344064K, 43% used [0x00000006c0000000,0x00000006c9382440,0x00000006d5000000)
 Metaspace       used 24890K, capacity 25388K, committed 25600K, reserved 1071104K
  class space    used 2927K, capacity 3025K, committed 3072K, reserved 1048576K
GC Heap History (10 events):
Event: 2.032 GC heap before
{Heap before GC invocations=7 (full 1):
 PSYoungGen      total 141824K, used 131072K [0x000000076ab00000, 0x0000000786500000, 0x00000007c0000000)
  eden space 131072K, 100% used [0x000000076ab00000,0x0000000772b00000,0x0000000772b00000)
  from space 10752K, 0% used [0x0000000772b00000,0x0000000772b00000,0x0000000773580000)
  to   space 95232K, 0% used [0x0000000780800000,0x0000000780800000,0x0000000786500000)
 ParOldGen       total 344064K, used 159585K [0x00000006c0000000, 0x00000006d5000000, 0x000000076ab00000)
  object space 344064K, 46% used [0x00000006c0000000,0x00000006c9bd84c0,0x00000006d5000000)
 Metaspace       used 13784K, capacity 14238K, committed 14464K, reserved 1062912K
  class space    used 1492K, capacity 1609K, committed 1664K, reserved 1048576K
Event: 2.118 GC heap after
Heap after GC invocations=7 (full 1):
 PSYoungGen      total 262656K, used 78948K [0x000000076ab00000, 0x0000000785580000, 0x00000007c0000000)
  eden space 183296K, 0% used [0x000000076ab00000,0x000000076ab00000,0x0000000775e00000)
  from space 79360K, 99% used [0x0000000780800000,0x0000000785519378,0x0000000785580000)
  to   space 108544K, 0% used [0x0000000778180000,0x0000000778180000,0x000000077eb80000)
 ParOldGen       total 344064K, used 159585K [0x00000006c0000000, 0x00000006d5000000, 0x000000076ab00000)
  object space 344064K, 46% used [0x00000006c0000000,0x00000006c9bd84c0,0x00000006d5000000)
 Metaspace       used 13784K, capacity 14238K, committed 14464K, reserved 1062912K
  class space    used 1492K, capacity 1609K, committed 1664K, reserved 1048576K
}
Event: 2.658 GC heap before
{Heap before GC invocations=8 (full 1):
 PSYoungGen      total 262656K, used 262244K [0x000000076ab00000, 0x0000000785580000, 0x00000007c0000000)
  eden space 183296K, 100% used [0x000000076ab00000,0x0000000775e00000,0x0000000775e00000)
  from space 79360K, 99% used [0x0000000780800000,0x0000000785519378,0x0000000785580000)
  to   space 108544K, 0% used [0x0000000778180000,0x0000000778180000,0x000000077eb80000)
 ParOldGen       total 344064K, used 159585K [0x00000006c0000000, 0x00000006d5000000, 0x000000076ab00000)
  object space 344064K, 46% used [0x00000006c0000000,0x00000006c9bd84c0,0x00000006d5000000)
 Metaspace       used 14027K, capacity 14462K, committed 14720K, reserved 1062912K
  class space    used 1534K, capacity 1641K, committed 1664K, reserved 1048576K
Event: 2.782 GC heap after
Heap after GC invocations=8 (full 1):
 PSYoungGen      total 328192K, used 108537K [0x000000076ab00000, 0x000000078ec80000, 0x00000007c0000000)
  eden space 219648K, 0% used [0x000000076ab00000,0x000000076ab00000,0x0000000778180000)
  from space 108544K, 99% used [0x0000000778180000,0x000000077eb7e6f0,0x000000077eb80000)
  to   space 165888K, 0% used [0x0000000784a80000,0x0000000784a80000,0x000000078ec80000)
 ParOldGen       total 344064K, used 229464K [0x00000006c0000000, 0x00000006d5000000, 0x000000076ab00000)
  object space 344064K, 66% used [0x00000006c0000000,0x00000006ce0163b8,0x00000006d5000000)
 Metaspace       used 14027K, capacity 14462K, committed 14720K, reserved 1062912K
  class space    used 1534K, capacity 1641K, committed 1664K, reserved 1048576K
}
Event: 3.387 GC heap before
{Heap before GC invocations=9 (full 1):
 PSYoungGen      total 328192K, used 328185K [0x000000076ab00000, 0x000000078ec80000, 0x00000007c0000000)
  eden space 219648K, 100% used [0x000000076ab00000,0x0000000778180000,0x0000000778180000)
  from space 108544K, 99% used [0x0000000778180000,0x000000077eb7e6f0,0x000000077eb80000)
  to   space 165888K, 0% used [0x0000000784a80000,0x0000000784a80000,0x000000078ec80000)
 ParOldGen       total 344064K, used 229464K [0x00000006c0000000, 0x00000006d5000000, 0x000000076ab00000)
  object space 344064K, 66% used [0x00000006c0000000,0x00000006ce0163b8,0x00000006d5000000)
 Metaspace       used 19542K, capacity 20010K, committed 20096K, reserved 1067008K
  class space    used 2531K, capacity 2635K, committed 2688K, reserved 1048576K
Event: 3.465 GC heap after
Heap after GC invocations=9 (full 1):
 PSYoungGen      total 417280K, used 110945K [0x000000076ab00000, 0x0000000792b00000, 0x00000007c0000000)
  eden space 251392K, 0% used [0x000000076ab00000,0x000000076ab00000,0x000000077a080000)
  from space 165888K, 66% used [0x0000000784a80000,0x000000078b6d8578,0x000000078ec80000)
  to   space 174080K, 0% used [0x000000077a080000,0x000000077a080000,0x0000000784a80000)
 ParOldGen       total 344064K, used 229472K [0x00000006c0000000, 0x00000006d5000000, 0x000000076ab00000)
  object space 344064K, 66% used [0x00000006c0000000,0x00000006ce0183b8,0x00000006d5000000)
 Metaspace       used 19542K, capacity 20010K, committed 20096K, reserved 1067008K
  class space    used 2531K, capacity 2635K, committed 2688K, reserved 1048576K
}
Event: 3.964 GC heap before
{Heap before GC invocations=10 (full 1):
 PSYoungGen      total 417280K, used 152344K [0x000000076ab00000, 0x0000000792b00000, 0x00000007c0000000)
  eden space 251392K, 16% used [0x000000076ab00000,0x000000076d36dc20,0x000000077a080000)
  from space 165888K, 66% used [0x0000000784a80000,0x000000078b6d8578,0x000000078ec80000)
  to   space 174080K, 0% used [0x000000077a080000,0x000000077a080000,0x0000000784a80000)
 ParOldGen       total 344064K, used 229472K [0x00000006c0000000, 0x00000006d5000000, 0x000000076ab00000)
  object space 344064K, 66% used [0x00000006c0000000,0x00000006ce0183b8,0x00000006d5000000)
 Metaspace       used 21982K, capacity 22510K, committed 22912K, reserved 1069056K
  class space    used 2691K, capacity 2843K, committed 2944K, reserved 1048576K
Event: 4.036 GC heap after
Heap after GC invocations=10 (full 1):
 PSYoungGen      total 425472K, used 122752K [0x000000076ab00000, 0x0000000793e00000, 0x00000007c0000000)
  eden space 251392K, 0% used [0x000000076ab00000,0x000000076ab00000,0x000000077a080000)
  from space 174080K, 70% used [0x000000077a080000,0x00000007818602f0,0x0000000784a80000)
  to   space 183808K, 0% used [0x0000000788a80000,0x0000000788a80000,0x0000000793e00000)
 ParOldGen       total 344064K, used 229480K [0x00000006c0000000, 0x00000006d5000000, 0x000000076ab00000)
  object space 344064K, 66% used [0x00000006c0000000,0x00000006ce01a3b8,0x00000006d5000000)
 Metaspace       used 21982K, capacity 22510K, committed 22912K, reserved 1069056K
  class space    used 2691K, capacity 2843K, committed 2944K, reserved 1048576K
}
Event: 4.036 GC heap before
{Heap before GC invocations=11 (full 2):
 PSYoungGen      total 425472K, used 122752K [0x000000076ab00000, 0x0000000793e00000, 0x00000007c0000000)
  eden space 251392K, 0% used [0x000000076ab00000,0x000000076ab00000,0x000000077a080000)
  from space 174080K, 70% used [0x000000077a080000,0x00000007818602f0,0x0000000784a80000)
  to   space 183808K, 0% used [0x0000000788a80000,0x0000000788a80000,0x0000000793e00000)
 ParOldGen       total 344064K, used 229480K [0x00000006c0000000, 0x00000006d5000000, 0x000000076ab00000)
  object space 344064K, 66% used [0x00000006c0000000,0x00000006ce01a3b8,0x00000006d5000000)
 Metaspace       used 21982K, capacity 22510K, committed 22912K, reserved 1069056K
  class space    used 2691K, capacity 2843K, committed 2944K, reserved 1048576K
Event: 4.351 GC heap after
Heap after GC invocations=11 (full 2):
 PSYoungGen      total 425472K, used 0K [0x000000076ab00000, 0x0000000793e00000, 0x00000007c0000000)
  eden space 251392K, 0% used [0x000000076ab00000,0x000000076ab00000,0x000000077a080000)
  from space 174080K, 0% used [0x000000077a080000,0x000000077a080000,0x0000000784a80000)
  to   space 183808K, 0% used [0x0000000788a80000,0x0000000788a80000,0x0000000793e00000)
 ParOldGen       total 344064K, used 151049K [0x00000006c0000000, 0x00000006d5000000, 0x000000076ab00000)
  object space 344064K, 43% used [0x00000006c0000000,0x00000006c9382440,0x00000006d5000000)
 Metaspace       used 21982K, capacity 22510K, committed 22912K, reserved 1069056K
  class space    used 2691K, capacity 2843K, committed 2944K, reserved 1048576K
}

