# JRE version: OpenJDK Runtime Environment (8.0_212-b03) (build 1.8.0_212-20190420112649.buildslave.jdk8u-src-tar--b03)
# Java VM: OpenJDK GraalVM CE 19.0.0 (25.212-b03-jvmci-19-b01 mixed mode bsd-amd64 compressed oops)
Heap:
 PSYoungGen      total 427008K, used 245256K [0x000000076ab00000, 0x0000000793c00000, 0x00000007c0000000)
  eden space 252928K, 96% used [0x000000076ab00000,0x0000000779a82370,0x000000077a200000)
  from space 174080K, 0% used [0x000000077a200000,0x000000077a200000,0x0000000784c00000)
  to   space 183808K, 0% used [0x0000000788880000,0x0000000788880000,0x0000000793c00000)
 ParOldGen       total 343040K, used 151069K [0x00000006c0000000, 0x00000006d4f00000, 0x000000076ab00000)
  object space 343040K, 44% used [0x00000006c0000000,0x00000006c9387598,0x00000006d4f00000)
 Metaspace       used 24915K, capacity 25452K, committed 25600K, reserved 1071104K
  class space    used 2927K, capacity 3025K, committed 3072K, reserved 1048576K
GC Heap History (10 events):
Event: 2.229 GC heap before
{Heap before GC invocations=7 (full 1):
 PSYoungGen      total 141824K, used 131072K [0x000000076ab00000, 0x0000000786500000, 0x00000007c0000000)
  eden space 131072K, 100% used [0x000000076ab00000,0x0000000772b00000,0x0000000772b00000)
  from space 10752K, 0% used [0x0000000772b00000,0x0000000772b00000,0x0000000773580000)
  to   space 95232K, 0% used [0x0000000780800000,0x0000000780800000,0x0000000786500000)
 ParOldGen       total 343040K, used 159530K [0x00000006c0000000, 0x00000006d4f00000, 0x000000076ab00000)
  object space 343040K, 46% used [0x00000006c0000000,0x00000006c9bca9d0,0x00000006d4f00000)
 Metaspace       used 13784K, capacity 14238K, committed 14464K, reserved 1062912K
  class space    used 1492K, capacity 1609K, committed 1664K, reserved 1048576K
Event: 2.289 GC heap after
Heap after GC invocations=7 (full 1):
 PSYoungGen      total 263168K, used 79108K [0x000000076ab00000, 0x0000000785580000, 0x00000007c0000000)
  eden space 183808K, 0% used [0x000000076ab00000,0x000000076ab00000,0x0000000775e80000)
  from space 79360K, 99% used [0x0000000780800000,0x00000007855413c8,0x0000000785580000)
  to   space 108544K, 0% used [0x0000000778180000,0x0000000778180000,0x000000077eb80000)
 ParOldGen       total 343040K, used 159530K [0x00000006c0000000, 0x00000006d4f00000, 0x000000076ab00000)
  object space 343040K, 46% used [0x00000006c0000000,0x00000006c9bca9d0,0x00000006d4f00000)
 Metaspace       used 13784K, capacity 14238K, committed 14464K, reserved 1062912K
  class space    used 1492K, capacity 1609K, committed 1664K, reserved 1048576K
}
Event: 2.884 GC heap before
{Heap before GC invocations=8 (full 1):
 PSYoungGen      total 263168K, used 262916K [0x000000076ab00000, 0x0000000785580000, 0x00000007c0000000)
  eden space 183808K, 100% used [0x000000076ab00000,0x0000000775e80000,0x0000000775e80000)
  from space 79360K, 99% used [0x0000000780800000,0x00000007855413c8,0x0000000785580000)
  to   space 108544K, 0% used [0x0000000778180000,0x0000000778180000,0x000000077eb80000)
 ParOldGen       total 343040K, used 159530K [0x00000006c0000000, 0x00000006d4f00000, 0x000000076ab00000)
  object space 343040K, 46% used [0x00000006c0000000,0x00000006c9bca9d0,0x00000006d4f00000)
 Metaspace       used 14026K, capacity 14462K, committed 14720K, reserved 1062912K
  class space    used 1534K, capacity 1641K, committed 1664K, reserved 1048576K
Event: 3.008 GC heap after
Heap after GC invocations=8 (full 1):
 PSYoungGen      total 328192K, used 108525K [0x000000076ab00000, 0x000000078ee00000, 0x00000007c0000000)
  eden space 219648K, 0% used [0x000000076ab00000,0x000000076ab00000,0x0000000778180000)
  from space 108544K, 99% used [0x0000000778180000,0x000000077eb7b778,0x000000077eb80000)
  to   space 165888K, 0% used [0x0000000784c00000,0x0000000784c00000,0x000000078ee00000)
 ParOldGen       total 343040K, used 229500K [0x00000006c0000000, 0x00000006d4f00000, 0x000000076ab00000)
  object space 343040K, 66% used [0x00000006c0000000,0x00000006ce01f388,0x00000006d4f00000)
 Metaspace       used 14026K, capacity 14462K, committed 14720K, reserved 1062912K
  class space    used 1534K, capacity 1641K, committed 1664K, reserved 1048576K
}
Event: 4.094 GC heap before
{Heap before GC invocations=9 (full 1):
 PSYoungGen      total 328192K, used 328173K [0x000000076ab00000, 0x000000078ee00000, 0x00000007c0000000)
  eden space 219648K, 100% used [0x000000076ab00000,0x0000000778180000,0x0000000778180000)
  from space 108544K, 99% used [0x0000000778180000,0x000000077eb7b778,0x000000077eb80000)
  to   space 165888K, 0% used [0x0000000784c00000,0x0000000784c00000,0x000000078ee00000)
 ParOldGen       total 343040K, used 229500K [0x00000006c0000000, 0x00000006d4f00000, 0x000000076ab00000)
  object space 343040K, 66% used [0x00000006c0000000,0x00000006ce01f388,0x00000006d4f00000)
 Metaspace       used 19524K, capacity 19946K, committed 20096K, reserved 1067008K
  class space    used 2528K, capacity 2635K, committed 2688K, reserved 1048576K
Event: 4.181 GC heap after
Heap after GC invocations=9 (full 1):
 PSYoungGen      total 418816K, used 110871K [0x000000076ab00000, 0x0000000792900000, 0x00000007c0000000)
  eden space 252928K, 0% used [0x000000076ab00000,0x000000076ab00000,0x000000077a200000)
  from space 165888K, 66% used [0x0000000784c00000,0x000000078b845fb8,0x000000078ee00000)
  to   space 174080K, 0% used [0x000000077a200000,0x000000077a200000,0x0000000784c00000)
 ParOldGen       total 343040K, used 229500K [0x00000006c0000000, 0x00000006d4f00000, 0x000000076ab00000)
  object space 343040K, 66% used [0x00000006c0000000,0x00000006ce01f388,0x00000006d4f00000)
 Metaspace       used 19524K, capacity 19946K, committed 20096K, reserved 1067008K
  class space    used 2528K, capacity 2635K, committed 2688K, reserved 1048576K
}
Event: 4.772 GC heap before
{Heap before GC invocations=10 (full 1):
 PSYoungGen      total 418816K, used 152242K [0x000000076ab00000, 0x0000000792900000, 0x00000007c0000000)
  eden space 252928K, 16% used [0x000000076ab00000,0x000000076d366b78,0x000000077a200000)
  from space 165888K, 66% used [0x0000000784c00000,0x000000078b845fb8,0x000000078ee00000)
  to   space 174080K, 0% used [0x000000077a200000,0x000000077a200000,0x0000000784c00000)
 ParOldGen       total 343040K, used 229500K [0x00000006c0000000, 0x00000006d4f00000, 0x000000076ab00000)
  object space 343040K, 66% used [0x00000006c0000000,0x00000006ce01f388,0x00000006d4f00000)
 Metaspace       used 21936K, capacity 22382K, committed 22656K, reserved 1069056K
  class space    used 2691K, capacity 2843K, committed 2944K, reserved 1048576K
Event: 4.856 GC heap after
Heap after GC invocations=10 (full 1):
 PSYoungGen      total 427008K, used 122727K [0x000000076ab00000, 0x0000000793c00000, 0x00000007c0000000)
  eden space 252928K, 0% used [0x000000076ab00000,0x000000076ab00000,0x000000077a200000)
  from space 174080K, 70% used [0x000000077a200000,0x00000007819d9da0,0x0000000784c00000)
  to   space 183808K, 0% used [0x0000000788880000,0x0000000788880000,0x0000000793c00000)
 ParOldGen       total 343040K, used 229508K [0x00000006c0000000, 0x00000006d4f00000, 0x000000076ab00000)
  object space 343040K, 66% used [0x00000006c0000000,0x00000006ce021388,0x00000006d4f00000)
 Metaspace       used 21936K, capacity 22382K, committed 22656K, reserved 1069056K
  class space    used 2691K, capacity 2843K, committed 2944K, reserved 1048576K
}
Event: 4.856 GC heap before
{Heap before GC invocations=11 (full 2):
 PSYoungGen      total 427008K, used 122727K [0x000000076ab00000, 0x0000000793c00000, 0x00000007c0000000)
  eden space 252928K, 0% used [0x000000076ab00000,0x000000076ab00000,0x000000077a200000)
  from space 174080K, 70% used [0x000000077a200000,0x00000007819d9da0,0x0000000784c00000)
  to   space 183808K, 0% used [0x0000000788880000,0x0000000788880000,0x0000000793c00000)
 ParOldGen       total 343040K, used 229508K [0x00000006c0000000, 0x00000006d4f00000, 0x000000076ab00000)
  object space 343040K, 66% used [0x00000006c0000000,0x00000006ce021388,0x00000006d4f00000)
 Metaspace       used 21936K, capacity 22382K, committed 22656K, reserved 1069056K
  class space    used 2691K, capacity 2843K, committed 2944K, reserved 1048576K
Event: 5.206 GC heap after
Heap after GC invocations=11 (full 2):
 PSYoungGen      total 427008K, used 0K [0x000000076ab00000, 0x0000000793c00000, 0x00000007c0000000)
  eden space 252928K, 0% used [0x000000076ab00000,0x000000076ab00000,0x000000077a200000)
  from space 174080K, 0% used [0x000000077a200000,0x000000077a200000,0x0000000784c00000)
  to   space 183808K, 0% used [0x0000000788880000,0x0000000788880000,0x0000000793c00000)
 ParOldGen       total 343040K, used 151069K [0x00000006c0000000, 0x00000006d4f00000, 0x000000076ab00000)
  object space 343040K, 44% used [0x00000006c0000000,0x00000006c9387598,0x00000006d4f00000)
 Metaspace       used 21936K, capacity 22382K, committed 22656K, reserved 1069056K
  class space    used 2691K, capacity 2843K, committed 2944K, reserved 1048576K
}

